 >> Taldeen zentroideak
 39.009 52.538 52.753 75.922 57.095 39.862 36.397 57.727 48.760 73.012 34.808 45.865 36.051 51.645 59.307 54.787 77.510 41.292 62.324 21.915 39.009 52.538 52.753 75.922 57.095 39.862 36.397 57.727 48.760 73.012 34.808 45.865 36.051 51.645 59.307 54.787 77.510 41.292 62.324 21.915
 75.991 47.202 33.575 25.543 57.650 76.821 66.085 77.645 16.246 57.930 84.355 70.968 57.061 25.922 76.291 76.639 41.277 41.312 34.748 60.690 75.991 47.202 33.575 25.543 57.650 76.821 66.085 77.645 16.246 57.930 84.355 70.968 57.061 25.922 76.291 76.639 41.277 41.312 34.748 60.690
 51.819 37.481 43.973 47.569 50.331 30.600 51.904 55.500 47.912 36.854 55.616 27.833 49.196 32.880 14.937 71.476 67.645 46.024 17.171 31.549 51.819 37.481 43.973 47.569 50.331 30.600 51.904 55.500 47.912 36.854 55.616 27.833 49.196 32.880 14.937 71.476 67.645 46.024 17.171 31.549
 47.836 80.829 69.783 64.817 12.594 57.094 47.288 41.790  7.627 48.635 86.722 78.028 84.774 67.105 36.318 14.494 58.372 32.113 69.512 89.508 47.836 80.829 69.783 64.817 12.594 57.094 47.288 41.790  7.627 48.635 86.722 78.028 84.774 67.105 36.318 14.494 58.372 32.113 69.512 89.508
 64.705 80.484 64.006 68.272 44.794 46.879 64.673 23.100 43.657 12.575 47.801 76.750 82.798 16.297 30.047 65.337 49.271 43.099 14.107 44.886 64.705 80.484 64.006 68.272 44.794 46.879 64.673 23.100 43.657 12.575 47.801 76.750 82.798 16.297 30.047 65.337 49.271 43.099 14.107 44.886
 38.863 41.352 46.026 53.806 48.128 24.753 48.641 32.121 65.362 57.563 56.725 60.326 65.387 73.228 76.107 71.036 43.581 46.782 37.406 52.394 38.863 41.352 46.026 53.806 48.128 24.753 48.641 32.121 65.362 57.563 56.725 60.326 65.387 73.228 76.107 71.036 43.581 46.782 37.406 52.394
 25.072 35.190 40.968 72.855 26.312 67.287 50.587 59.814 41.647 52.760 61.809 46.723 68.814 43.662 37.119 54.005 42.233 28.946 63.173 64.301 25.072 35.190 40.968 72.855 26.312 67.287 50.587 59.814 41.647 52.760 61.809 46.723 68.814 43.662 37.119 54.005 42.233 28.946 63.173 64.301
 69.154 58.830 28.746 57.883 22.800 35.964 75.924 34.881 34.534 40.901 52.653 69.846 42.955 36.417 47.998 26.871 65.744 74.785 29.390 55.980 69.154 58.830 28.746 57.883 22.800 35.964 75.924 34.881 34.534 40.901 52.653 69.846 42.955 36.417 47.998 26.871 65.744 74.785 29.390 55.980
 15.870 35.960 85.390 61.170  8.600 96.200 44.820 94.310  2.340 53.780 29.430 97.820 88.630 36.800  5.200 88.940 92.490 98.440 99.170  3.510 15.870 35.960 85.390 61.170  8.600 96.200 44.820 94.310  2.340 53.780 29.430 97.820 88.630 36.800  5.200 88.940 92.490 98.440 99.170  3.510
 17.431 79.523 85.030  9.535 69.031  8.231 82.713 67.707 64.671 24.985 68.984 69.415 29.106 68.650 34.953 12.702 19.460 13.104 54.315 76.828 17.431 79.523 85.030  9.535 69.031  8.231 82.713 67.707 64.671 24.985 68.984 69.415 29.106 68.650 34.953 12.702 19.460 13.104 54.315 76.828
 39.760 24.564 47.236 79.451 27.871 68.169 61.405 31.902 27.314 19.155 83.669 54.678 71.609 27.110 71.194 71.640 65.602 74.898 29.834 21.774 39.760 24.564 47.236 79.451 27.871 68.169 61.405 31.902 27.314 19.155 83.669 54.678 71.609 27.110 71.194 71.640 65.602 74.898 29.834 21.774
 64.762 58.764 32.270 49.131 47.268 40.520 63.214 49.315 61.030 44.229 54.059 23.214 65.294 27.735 60.135 54.987 36.996 59.872 60.707 69.564 64.762 58.764 32.270 49.131 47.268 40.520 63.214 49.315 61.030 44.229 54.059 23.214 65.294 27.735 60.135 54.987 36.996 59.872 60.707 69.564
 66.353 64.774 39.161 50.279 36.569 48.156 38.417 46.017 69.031 46.738 63.270 55.219 32.078 39.308 61.214 38.381 20.647 56.449 78.521 28.693 66.353 64.774 39.161 50.279 36.569 48.156 38.417 46.017 69.031 46.738 63.270 55.219 32.078 39.308 61.214 38.381 20.647 56.449 78.521 28.693
 38.063 13.140 31.065 78.297 55.844 65.069 38.550 26.607 43.962 28.604 29.485 86.766 43.335 47.162 23.162 25.743 46.835 69.069 41.958 69.898 38.063 13.140 31.065 78.297 55.844 65.069 38.550 26.607 43.962 28.604 29.485 86.766 43.335 47.162 23.162 25.743 46.835 69.069 41.958 69.898
 35.932 62.517 68.225 55.803 63.276 42.100 70.808 76.576 48.196 28.830 42.111 69.621 53.747 58.171 48.508 50.857 75.553 71.812 66.932 47.951 35.932 62.517 68.225 55.803 63.276 42.100 70.808 76.576 48.196 28.830 42.111 69.621 53.747 58.171 48.508 50.857 75.553 71.812 66.932 47.951
 35.910 19.978 13.043 14.806 30.005 38.587 18.374 64.585 25.692 69.698 35.438 77.050 10.257 68.743 31.999 71.321 70.122 45.810 57.416 87.650 35.910 19.978 13.043 14.806 30.005 38.587 18.374 64.585 25.692 69.698 35.438 77.050 10.257 68.743 31.999 71.321 70.122 45.810 57.416 87.650
 51.753 71.877 41.435 20.573 42.785 84.367 34.639 71.737 85.536 76.247 81.461 59.670 56.735 39.940 87.610 75.695 69.486 24.336 71.506 54.304 51.753 71.877 41.435 20.573 42.785 84.367 34.639 71.737 85.536 76.247 81.461 59.670 56.735 39.940 87.610 75.695 69.486 24.336 71.506 54.304
 64.511 86.911 14.640 16.429 43.038 27.922 26.966 51.616 19.595 19.757 16.012 21.999 27.709 68.377  8.995 56.378 46.856 88.401 57.744 22.909 64.511 86.911 14.640 16.429 43.038 27.922 26.966 51.616 19.595 19.757 16.012 21.999 27.709 68.377  8.995 56.378 46.856 88.401 57.744 22.909
 75.346 25.267 75.492 43.041 45.133 60.557 82.089 37.531 10.525 35.436 20.111 39.715 67.042 38.860 33.505 86.621 43.303 79.815 86.173 77.224 75.346 25.267 75.492 43.041 45.133 60.557 82.089 37.531 10.525 35.436 20.111 39.715 67.042 38.860 33.505 86.621 43.303 79.815 86.173 77.224
 79.708 42.781 34.643 37.637 38.795 41.076 58.742 39.900 71.249 72.567 65.684 63.656 62.356 29.134 23.406 65.757 49.396 48.075 53.811 23.404 79.708 42.781 34.643 37.637 38.795 41.076 58.742 39.900 71.249 72.567 65.684 63.656 62.356 29.134 23.406 65.757 49.396 48.075 53.811 23.404
 25.869 27.203 43.729 66.096 29.222 12.596 82.352 24.987 51.290 87.763 33.181 31.698 40.953 86.096 75.436 47.217 27.597 27.267 30.303 36.713 25.869 27.203 43.729 66.096 29.222 12.596 82.352 24.987 51.290 87.763 33.181 31.698 40.953 86.096 75.436 47.217 27.597 27.267 30.303 36.713
 28.676 17.960 64.288 39.256 24.886 56.894 53.349 44.813 75.559 14.031 50.435 43.162 42.379 72.538 42.767 25.274 51.481 64.124 77.253 67.159 28.676 17.960 64.288 39.256 24.886 56.894 53.349 44.813 75.559 14.031 50.435 43.162 42.379 72.538 42.767 25.274 51.481 64.124 77.253 67.159
 63.074 24.497 22.737 80.152 70.883 45.749 21.341 27.147 16.904 28.580 56.839 44.015 27.417 59.587 84.955 44.810 51.521 58.176 53.541 17.760 63.074 24.497 22.737 80.152 70.883 45.749 21.341 27.147 16.904 28.580 56.839 44.015 27.417 59.587 84.955 44.810 51.521 58.176 53.541 17.760
 67.418 61.247 65.785 51.874 33.227 50.806 38.919 61.103 52.513 59.359 34.678 57.150 34.861 74.500 27.192 49.585 28.906 66.447 24.742 48.501 67.418 61.247 65.785 51.874 33.227 50.806 38.919 61.103 52.513 59.359 34.678 57.150 34.861 74.500 27.192 49.585 28.906 66.447 24.742 48.501
 79.186 30.383 28.019 34.589 22.284 86.579 83.602 27.798 44.324 85.172 19.074 37.448 71.182 74.174 17.149 25.028 42.824 73.466 72.126 33.004 79.186 30.383 28.019 34.589 22.284 86.579 83.602 27.798 44.324 85.172 19.074 37.448 71.182 74.174 17.149 25.028 42.824 73.466 72.126 33.004
 77.609 33.858 50.142 52.542 43.291 48.060 34.847 55.968 44.614 62.648 37.234 43.816 50.223 37.321 59.348 28.549 74.118 23.366 49.954 49.748 77.609 33.858 50.142 52.542 43.291 48.060 34.847 55.968 44.614 62.648 37.234 43.816 50.223 37.321 59.348 28.549 74.118 23.366 49.954 49.748
 21.749 87.072 23.418 38.962 79.058 32.792 52.399 16.250 79.474 87.224 87.812 66.208 29.269 25.027 39.394 25.358 87.915 60.839 16.208 10.243 21.749 87.072 23.418 38.962 79.058 32.792 52.399 16.250 79.474 87.224 87.812 66.208 29.269 25.027 39.394 25.358 87.915 60.839 16.208 10.243
 32.529 69.343 66.956 36.634 66.091 33.447 35.505 44.887 53.848 27.161 71.511 47.610 69.901 53.245 26.212 39.465 53.025 33.737 42.544 48.777 32.529 69.343 66.956 36.634 66.091 33.447 35.505 44.887 53.848 27.161 71.511 47.610 69.901 53.245 26.212 39.465 53.025 33.737 42.544 48.777
 40.755 59.599 88.728 36.025 13.066 41.936 37.053 29.295 31.908 69.242 73.928 67.180 11.335 39.045 37.990  9.981 62.714 43.129 20.622 14.645 40.755 59.599 88.728 36.025 13.066 41.936 37.053 29.295 31.908 69.242 73.928 67.180 11.335 39.045 37.990  9.981 62.714 43.129 20.622 14.645
 20.216 54.833 28.041 66.988 69.178 88.352 58.543 51.823 57.656 38.564 13.370 54.249 67.896 77.706 51.610 60.391 21.968 45.973 85.454 50.053 20.216 54.833 28.041 66.988 69.178 88.352 58.543 51.823 57.656 38.564 13.370 54.249 67.896 77.706 51.610 60.391 21.968 45.973 85.454 50.053
 89.830 73.260 44.548 90.651 81.802 91.114 26.206 62.054 42.178 85.881 45.384 35.414 25.430 28.654 88.464 60.826 64.941 16.001 86.528 13.114 89.830 73.260 44.548 90.651 81.802 91.114 26.206 62.054 42.178 85.881 45.384 35.414 25.430 28.654 88.464 60.826 64.941 16.001 86.528 13.114
 40.309 45.771 16.682 33.915 71.199 54.092 23.883  8.886 63.835 28.595 88.592 88.424 27.414 10.182 77.916 49.412 64.060 29.588 65.498 41.848 40.309 45.771 16.682 33.915 71.199 54.092 23.883  8.886 63.835 28.595 88.592 88.424 27.414 10.182 77.916 49.412 64.060 29.588 65.498 41.848
 51.193 47.659 34.351 45.496 77.463 21.742 46.948 61.549 72.840 56.555 71.966 47.375 43.063 43.910 27.816 31.482 25.655 65.946 18.959 66.893 51.193 47.659 34.351 45.496 77.463 21.742 46.948 61.549 72.840 56.555 71.966 47.375 43.063 43.910 27.816 31.482 25.655 65.946 18.959 66.893
 49.253 48.650 73.109 61.044 27.175 81.812 88.754 49.833 52.847 82.780 51.649 45.880 88.839 41.252 54.249 39.535 85.940 85.424 50.775 63.565 49.253 48.650 73.109 61.044 27.175 81.812 88.754 49.833 52.847 82.780 51.649 45.880 88.839 41.252 54.249 39.535 85.940 85.424 50.775 63.565
 46.661 32.132 68.396 31.380 69.840 73.701 51.263 73.900 43.992 47.547 57.668 42.121 38.052 72.401 66.976 48.135 28.590 33.182 44.059 58.852 46.661 32.132 68.396 31.380 69.840 73.701 51.263 73.900 43.992 47.547 57.668 42.121 38.052 72.401 66.976 48.135 28.590 33.182 44.059 58.852
 15.880 82.970 74.643 84.582 19.304 40.273 83.364 57.507 58.043 79.115 21.486 21.235 65.293 57.434 29.768  9.266 82.235 74.671 73.776 88.839 15.880 82.970 74.643 84.582 19.304 40.273 83.364 57.507 58.043 79.115 21.486 21.235 65.293 57.434 29.768  9.266 82.235 74.671 73.776 88.839
 49.474 85.188 56.905 15.730 31.671 82.723 51.007 86.696 40.851 72.630 43.525 85.961 80.175 27.145 77.048 31.076 33.387 10.685 52.984 91.165 49.474 85.188 56.905 15.730 31.671 82.723 51.007 86.696 40.851 72.630 43.525 85.961 80.175 27.145 77.048 31.076 33.387 10.685 52.984 91.165
 88.390 61.451 72.437 90.809 14.362 70.175 90.754 38.167 73.331 91.369 81.269 59.293 14.414 22.632 52.779 48.512 13.263 46.368 35.964 89.088 88.390 61.451 72.437 90.809 14.362 70.175 90.754 38.167 73.331 91.369 81.269 59.293 14.414 22.632 52.779 48.512 13.263 46.368 35.964 89.088
 15.506 49.840 54.683 85.488 86.213 15.568 55.322 45.953 76.099 68.086 74.191 21.009 72.294 31.271 66.314 88.896 65.920 36.515 85.775 46.300 15.506 49.840 54.683 85.488 86.213 15.568 55.322 45.953 76.099 68.086 74.191 21.009 72.294 31.271 66.314 88.896 65.920 36.515 85.775 46.300
 63.128 64.533 58.681 28.399 71.714 36.203 61.768 47.581 36.658 76.132 47.128 36.448 60.537 39.632 28.077 50.035 61.263 60.966 69.693 68.564 63.128 64.533 58.681 28.399 71.714 36.203 61.768 47.581 36.658 76.132 47.128 36.448 60.537 39.632 28.077 50.035 61.263 60.966 69.693 68.564
 30.730 50.062 37.219 44.319 74.713 38.278 76.648 41.935 39.735 69.213 38.357 63.224 37.940 32.375 41.013 56.736 60.183 36.107 24.341 26.224 30.730 50.062 37.219 44.319 74.713 38.278 76.648 41.935 39.735 69.213 38.357 63.224 37.940 32.375 41.013 56.736 60.183 36.107 24.341 26.224
 26.772 48.487 51.205 51.573 54.376 76.232 23.050 40.260 68.538 53.067 35.976 52.789 52.609 31.033 69.429 39.369 55.274 66.062 26.392 66.667 26.772 48.487 51.205 51.573 54.376 76.232 23.050 40.260 68.538 53.067 35.976 52.789 52.609 31.033 69.429 39.369 55.274 66.062 26.392 66.667
 31.535 32.721 69.970 14.087 89.919 28.099 38.822 30.484 13.253 69.410 12.064 46.939 21.494 54.318 34.297 27.543  9.045 82.194 26.493 30.810 31.535 32.721 69.970 14.087 89.919 28.099 38.822 30.484 13.253 69.410 12.064 46.939 21.494 54.318 34.297 27.543  9.045 82.194 26.493 30.810
 66.772 33.048 11.060 56.482 84.915 66.180 31.596 80.509 12.694 74.913 87.758 37.056 34.933 78.852 88.385 81.049 80.102 81.061 51.839 23.119 66.772 33.048 11.060 56.482 84.915 66.180 31.596 80.509 12.694 74.913 87.758 37.056 34.933 78.852 88.385 81.049 80.102 81.061 51.839 23.119
 56.434 84.846 87.108 64.655 33.324 53.836 44.446 24.653 71.332 12.265 66.579 56.367 18.270 74.912 32.862 65.110 28.748 16.228 40.787 69.569 56.434 84.846 87.108 64.655 33.324 53.836 44.446 24.653 71.332 12.265 66.579 56.367 18.270 74.912 32.862 65.110 28.748 16.228 40.787 69.569

 >> Taldeen tamaina: 45 talde

       35       64     1024       60      254       41       44       25        0      250
      511       48       37      262       35      326      755      257      191      274
      256       87      266       40      253       44      250       41      253      514
      250      256      450      203       36      252      251      198      255       25
      520       42      255      253      257

 >> Taldeen trinkotasuna 

   215.21    68.82   144.15    50.54    34.00   218.19   222.75   206.42     0.00    22.69
    81.82   216.50   220.62    35.29   214.86    78.51    63.06    31.24    38.58    45.87
    36.96    75.18    46.65   214.09    33.58   219.96    23.56   218.45    33.12    93.27
    23.01    30.32   110.53    31.39   219.72    25.57    24.66    24.45    35.86   206.02
   107.55   219.51    29.21    33.71    37.26

 >> Eritasunen analisia (medianak)

 Erit.  M_max - Tald   M_min - Tald
 ==================================
   0     0.00 -  0      0.00 -  0
   1     0.00 -  0      0.00 -  0
   2     0.00 -  0      0.00 -  0
   3     0.00 -  0      0.00 -  0
   4     0.00 -  0      0.00 -  0
   5     0.00 -  0      0.00 -  0
   6     0.00 -  0      0.00 -  0
   7     0.00 -  0      0.00 -  0
   8     0.00 -  0      0.00 -  0
   9     0.00 -  0      0.00 -  0
  10     0.00 -  0      0.00 -  0
  11     0.00 -  0      0.00 -  0
  12     0.00 -  0      0.00 -  0
  13     0.00 -  0      0.00 -  0
  14     0.00 -  0      0.00 -  0
  15     0.00 -  0      0.00 -  0
  16     0.00 -  0      0.00 -  0
  17     0.00 -  0      0.00 -  0
